<?xml version="1.0" encoding="UTF-8"?>
<!-- Generated by org.testng.reporters.JUnitReportReporter -->
<testsuite hostname="ShAmIm" name="test.LoginTest" tests="1" failures="0" timestamp="25 Jan 2021 02:00:40 GMT" time="9.130" errors="0">
  <testcase name="validUserLogin" time="9.130" classname="test.LoginTest"/>
</testsuite> <!-- test.LoginTest -->
