<?xml version="1.0" encoding="UTF-8"?>
<!-- Generated by org.testng.reporters.JUnitReportReporter -->
<testsuite skipped="0" hostname="ShAmIm" name="test.AddCustomerTest" tests="1" failures="0" timestamp="2021-01-24T22:52:49 CST" time="19.002" errors="0">
  <testcase name="addUserAndCreateProfile" time="19.002" classname="test.AddCustomerTest"/>
  <system-out/>
</testsuite> <!-- test.AddCustomerTest -->
