<?xml version="1.0" encoding="UTF-8"?>
<!-- Generated by org.testng.reporters.JUnitReportReporter -->
<testsuite skipped="0" hostname="ShAmIm" name="test.AddCustomerTest" tests="1" failures="0" timestamp="2021-01-25T21:20:33 CST" time="14.903" errors="0">
  <testcase name="addUserAndCreateProfile" time="14.903" classname="test.AddCustomerTest"/>
  <system-out/>
</testsuite> <!-- test.AddCustomerTest -->
